void INT_ATTR raw_trap_handler()
{
 2000158:	7139               	add	sp,sp,-64
 200015a:	ce3a                sw	a4,28(sp)
    if (EPIC_CHECK_GPIO_IRQ())
 200015c:	00050737          	lui	a4,0x50
{
 2000160:	cc3e               	sw	a5,24(sp)
    if (EPIC_CHECK_GPIO_IRQ())
 2000162:	42072783          	lw	a5,1056(a4) # 50420 <__stack_size+0x50020>
{
 2000166:	de06                sw	ra,60(sp)
 2000168:	dc16               	sw	t0,56(sp)
 200016a:	da1a               	sw	t1,52(sp)
 200016c:	d81e               	sw	t2,48(sp)
 200016e:	d62a               	sw	a0,44(sp)
 2000170:	d42e               	sw	a1,40(sp)
 2000172:	d232               	sw	a2,36(sp)
 2000174:	d036               	sw	a3,32(sp)
 2000176:	ca42               	sw	a6,20(sp)
 2000178:	c846               	sw	a7,16(sp)
 200017a:	c672               	sw	t3,12(sp)
 200017c:	c476               	sw	t4,8(sp)
 200017e:	c27a               	sw	t5,4(sp)
 2000180:	c07e               	sw	t6,0(sp)
    if (EPIC_CHECK_GPIO_IRQ())
 2000182:	0207f793          	and	a5,a5,32
 2000186:	eb8d               	bnez	a5,20001b8 <raw_trap_handler+0x60>
 * Returns:
 * void.
 */
static inline __attribute__((always_inline)) void HAL_EPIC_Clear(uint32_t InterruptMask)
{
    EPIC->CLEAR = InterruptMask;
 2000188:	000507b7          	lui	a5,0x50
 200018c:	577d                li	a4,-1
 200018e:	40e7ac23          	sw	a4,1048(a5) # 50418 <__stack_size+0x50018>
        }
        HAL_GPIO_ClearInterrupts();
    }
    /* Сброс прерываний */
    HAL_EPIC_Clear(0xFFFFFFFF);
 2000192:	50f2                lw	ra,60(sp)
 2000194:	52e2               	lw	t0,56(sp)
 2000196:	5352               	lw	t1,52(sp)
 2000198:	53c2               	lw	t2,48(sp)
 200019a:	5532               	lw	a0,44(sp)
 200019c:	55a2               	lw	a1,40(sp)
 200019e:	5612               	lw	a2,36(sp)
 20001a0:	5682               	lw	a3,32(sp)
 20001a2:	4772               	lw	a4,28(sp)
 20001a4:	47e2               	lw	a5,24(sp)
 20001a6:	4852                lw	a6,20(sp)
 20001a8:	48c2               	lw	a7,16(sp)
 20001aa:	4e32               	lw	t3,12(sp)
 20001ac:	4ea2               	lw	t4,8(sp)
 20001ae:	4f12               	lw	t5,4(sp)
 20001b0:	4f82               	lw	t6,0(sp)
 20001b2:	6121               	add	sp,sp,64
 20001b4:	30200073          	mret
        if (HAL_GPIO_LineInterruptState(GPIO_LINE_2))
 20001b8:	02000513          	li	a0,32
 20001bc:	ff000097          	auipc	ra,0xff000
 20001c0:	44e080e7          	jalr	1102(ra) # 100060a <HAL_GPIO_LineInterruptState>
 20001c4:	c519               	beqz	a0,20001d2 <raw_trap_handler+0x7a>
            flag = !flag;
 20001c6:	8201a783          	lw	a5,-2016(gp) # 20001dc <flag>
 20001ca:	0017b793          	seqz	a5,a5
 20001ce:	82f1a023          	sw	a5,-2016(gp) # 20001dc <flag>
        HAL_GPIO_ClearInterrupts();
 20001d2:	ff000097          	auipc	ra,0xff000
 20001d6:	452080e7          	jalr	1106(ra) # 1000624 <HAL_GPIO_ClearInterrupts>
 20001da:	b77d               	j	2000188 <raw_trap_handler+0x30>
